\BOOKMARK [0][-]{chapter.1}{Zanarkand}{}% 1
\BOOKMARK [0][-]{chapter.2}{Baaj Temple}{}% 2
\BOOKMARK [0][-]{chapter.3}{Besaid}{}% 3
\BOOKMARK [0][-]{chapter.4}{S.S. Liki}{}% 4
\BOOKMARK [0][-]{chapter.5}{Kilika}{}% 5
\BOOKMARK [0][-]{chapter.6}{S.S. Winno}{}% 6
\BOOKMARK [0][-]{chapter.7}{Luca}{}% 7
\BOOKMARK [0][-]{chapter.8}{Mi'ihen Highroad}{}% 8
\BOOKMARK [0][-]{chapter.9}{Mushroom Rock Road}{}% 9
\BOOKMARK [0][-]{chapter.10}{Djose}{}% 10
\BOOKMARK [0][-]{chapter.11}{Moonflow}{}% 11
\BOOKMARK [0][-]{chapter.12}{Guadosalam}{}% 12
\BOOKMARK [0][-]{chapter.13}{Thunder Plains}{}% 13
\BOOKMARK [0][-]{chapter.14}{Macalania Woods}{}% 14
\BOOKMARK [0][-]{chapter.15}{Lake Macalania}{}% 15
\BOOKMARK [0][-]{chapter.16}{Bikanel Desert}{}% 16
\BOOKMARK [0][-]{chapter.17}{Home}{}% 17
\BOOKMARK [0][-]{chapter.18}{Airship}{}% 18
\BOOKMARK [0][-]{chapter.19}{Bevelle}{}% 19
\BOOKMARK [0][-]{chapter.20}{Via Prifico}{}% 20
\BOOKMARK [0][-]{chapter.21}{Calm Lands}{}% 21
\BOOKMARK [0][-]{chapter.22}{Mt. Gagazet}{}% 22
\BOOKMARK [0][-]{chapter.23}{Zanarkand}{}% 23
\BOOKMARK [0][-]{chapter.24}{Airship}{}% 24
\BOOKMARK [0][-]{chapter.25}{Inside Sin}{}% 25
